<?xml version="1.0" encoding="UTF-8"?><testrun name="BookShelfTest" project="task7" tests="3" started="3" failures="0" errors="1" ignored="0">
  <testsuite name="task7.BookShelfTest" time="0.0">
    <testcase name="testRemoveAt" classname="task7.BookShelfTest" time="0.0">
      <error>java.lang.ArrayIndexOutOfBoundsException: Index 3 out of bounds for length 3
	at task7.BookShelf.getBookAt(BookShelf.java:11)
	at task7.BookShelf.removeAt(BookShelf.java:25)
	at task7.BookShelfTest.testRemoveAt(BookShelfTest.java:31)
	at java.base/jdk.internal.reflect.NativeMethodAccessorImpl.invoke0(Native Method)
	at java.base/jdk.internal.reflect.NativeMethodAccessorImpl.invoke(NativeMethodAccessorImpl.java:62)
	at java.base/jdk.internal.reflect.DelegatingMethodAccessorImpl.invoke(DelegatingMethodAccessorImpl.java:43)
	at java.base/java.lang.reflect.Method.invoke(Method.java:566)
	at junit.framework.TestCase.runTest(TestCase.java:177)
	at junit.framework.TestCase.runBare(TestCase.java:142)
	at junit.framework.TestResult$1.protect(TestResult.java:122)
	at junit.framework.TestResult.runProtected(TestResult.java:142)
	at junit.framework.TestResult.run(TestResult.java:125)
	at junit.framework.TestCase.run(TestCase.java:130)
	at junit.framework.TestSuite.runTest(TestSuite.java:241)
	at junit.framework.TestSuite.run(TestSuite.java:236)
	at org.eclipse.jdt.internal.junit.runner.junit3.JUnit3TestReference.run(JUnit3TestReference.java:126)
	at org.eclipse.jdt.internal.junit.runner.TestExecution.run(TestExecution.java:41)
	at org.eclipse.jdt.internal.junit.runner.RemoteTestRunner.runTests(RemoteTestRunner.java:542)
	at org.eclipse.jdt.internal.junit.runner.RemoteTestRunner.runTests(RemoteTestRunner.java:770)
	at org.eclipse.jdt.internal.junit.runner.RemoteTestRunner.run(RemoteTestRunner.java:464)
	at org.eclipse.jdt.internal.junit.runner.RemoteTestRunner.main(RemoteTestRunner.java:210)

</error>
    </testcase>
    <testcase name="testGetLength" classname="task7.BookShelfTest" time="0.0"/>
    <testcase name="testIterator" classname="task7.BookShelfTest" time="0.0"/>
  </testsuite>
</testrun>
